[2026-04-07 19:55:43,813: INFO: main: >>>>>> stage Data Ingestion stage started <<<<<<]
[2026-04-07 19:55:43,847: INFO: common: yaml file loaded: config\config.yaml]
[2026-04-07 19:55:43,876: INFO: common: yaml file loaded: params.yaml]
[2026-04-07 19:55:43,881: ERROR: main: isinstance() argument 2 cannot be a parameterized generic]
Traceback (most recent call last):
  File "C:\Users\nachi\OneDrive\Desktop\RUL_Prediction_Project\RUL\main.py", line 11, in <module>
    data_ingestion.main()
  File "C:\Users\nachi\OneDrive\Desktop\RUL_Prediction_Project\RUL\src\RUL_prediction\pipeline\stage_01_data_ingestion.py", line 11, in main
    config = ConfigurationManager()
             ^^^^^^^^^^^^^^^^^^^^^^
  File "C:\Users\nachi\OneDrive\Desktop\RUL_Prediction_Project\RUL\src\RUL_prediction\config\configuration.py", line 22, in __init__
    create_directories([Path(self.config.artifacts_root)])
  File "C:\Users\nachi\OneDrive\Desktop\RUL_Prediction_Project\RUL\venv\Lib\site-packages\ensure\main.py", line 831, in __call__
    if not isinstance(value, templ):
           ^^^^^^^^^^^^^^^^^^^^^^^^
TypeError: isinstance() argument 2 cannot be a parameterized generic
[2026-04-07 19:56:05,350: INFO: main: >>>>>> stage Data Ingestion stage started <<<<<<]
[2026-04-07 19:56:05,357: INFO: common: yaml file loaded: config\config.yaml]
[2026-04-07 19:56:05,359: INFO: common: yaml file loaded: params.yaml]
[2026-04-07 19:56:05,363: INFO: common: created directory at: artifacts]
[2026-04-07 19:56:05,367: INFO: common: created directory at: artifacts\data_ingestion]
[2026-04-07 19:56:05,370: INFO: data_ingestion: Starting data ingestion]
[2026-04-07 19:56:08,052: INFO: data_ingestion: Saved processed train data to artifacts\data_ingestion\train_processed.csv]
[2026-04-07 19:56:08,054: INFO: data_ingestion: Saved processed test data to artifacts\data_ingestion\test_processed.csv]
[2026-04-07 19:56:08,058: INFO: main: >>>>>> stage Data Ingestion stage completed <<<<<<

x==========x]
[2026-04-07 19:56:08,060: INFO: main: *******************]
[2026-04-07 19:56:08,065: INFO: main: >>>>>> stage Prepare base model started <<<<<<]
[2026-04-07 19:56:08,072: INFO: common: yaml file loaded: config\config.yaml]
[2026-04-07 19:56:08,077: INFO: common: yaml file loaded: params.yaml]
[2026-04-07 19:56:08,079: INFO: common: created directory at: artifacts]
[2026-04-07 19:56:08,083: INFO: common: created directory at: artifacts\prepare_base_model]
[2026-04-07 19:56:08,085: INFO: prepare_base_model: Prepare base model stage completed (not required for sklearn RUL model)]
[2026-04-07 19:56:08,087: INFO: main: >>>>>> stage Prepare base model completed <<<<<<

x==========x]
[2026-04-07 19:56:08,089: INFO: main: *******************]
[2026-04-07 19:56:08,089: INFO: main: >>>>>> stage Training started <<<<<<]
[2026-04-07 19:56:08,097: INFO: common: yaml file loaded: config\config.yaml]
[2026-04-07 19:56:08,101: INFO: common: yaml file loaded: params.yaml]
[2026-04-07 19:56:08,105: INFO: common: created directory at: artifacts]
[2026-04-07 19:56:08,109: INFO: common: created directory at: artifacts\training]
[2026-04-07 19:56:08,113: INFO: training: Starting model training]
[2026-04-07 19:56:20,482: ERROR: main: typing.Any cannot be used with isinstance()]
Traceback (most recent call last):
  File "C:\Users\nachi\OneDrive\Desktop\RUL_Prediction_Project\RUL\main.py", line 33, in <module>
    model_trainer.main()
  File "C:\Users\nachi\OneDrive\Desktop\RUL_Prediction_Project\RUL\src\RUL_prediction\pipeline\stage_03_training.py", line 14, in main
    trainer.run()
  File "C:\Users\nachi\OneDrive\Desktop\RUL_Prediction_Project\RUL\src\RUL_prediction\components\training.py", line 30, in run
    save_bin(model, self.config.model_path)
  File "C:\Users\nachi\OneDrive\Desktop\RUL_Prediction_Project\RUL\venv\Lib\site-packages\ensure\main.py", line 831, in __call__
    if not isinstance(value, templ):
           ^^^^^^^^^^^^^^^^^^^^^^^^
  File "C:\Users\nachi\AppData\Local\Programs\Python\Python312\Lib\typing.py", line 530, in __instancecheck__
    raise TypeError("typing.Any cannot be used with isinstance()")
TypeError: typing.Any cannot be used with isinstance()
[2026-04-07 19:56:53,480: INFO: main: >>>>>> stage Data Ingestion stage started <<<<<<]
[2026-04-07 19:56:53,484: INFO: common: yaml file loaded: config\config.yaml]
[2026-04-07 19:56:53,488: INFO: common: yaml file loaded: params.yaml]
[2026-04-07 19:56:53,488: INFO: common: created directory at: artifacts]
[2026-04-07 19:56:53,494: INFO: common: created directory at: artifacts\data_ingestion]
[2026-04-07 19:56:53,495: INFO: data_ingestion: Starting data ingestion]
[2026-04-07 19:56:55,935: INFO: data_ingestion: Saved processed train data to artifacts\data_ingestion\train_processed.csv]
[2026-04-07 19:56:55,937: INFO: data_ingestion: Saved processed test data to artifacts\data_ingestion\test_processed.csv]
[2026-04-07 19:56:55,940: INFO: main: >>>>>> stage Data Ingestion stage completed <<<<<<

x==========x]
[2026-04-07 19:56:55,942: INFO: main: *******************]
[2026-04-07 19:56:55,946: INFO: main: >>>>>> stage Prepare base model started <<<<<<]
[2026-04-07 19:56:55,952: INFO: common: yaml file loaded: config\config.yaml]
[2026-04-07 19:56:55,956: INFO: common: yaml file loaded: params.yaml]
[2026-04-07 19:56:55,958: INFO: common: created directory at: artifacts]
[2026-04-07 19:56:55,959: INFO: common: created directory at: artifacts\prepare_base_model]
[2026-04-07 19:56:55,961: INFO: prepare_base_model: Prepare base model stage completed (not required for sklearn RUL model)]
[2026-04-07 19:56:55,961: INFO: main: >>>>>> stage Prepare base model completed <<<<<<

x==========x]
[2026-04-07 19:56:55,963: INFO: main: *******************]
[2026-04-07 19:56:55,963: INFO: main: >>>>>> stage Training started <<<<<<]
[2026-04-07 19:56:55,970: INFO: common: yaml file loaded: config\config.yaml]
[2026-04-07 19:56:55,972: INFO: common: yaml file loaded: params.yaml]
[2026-04-07 19:56:55,974: INFO: common: created directory at: artifacts]
[2026-04-07 19:56:55,976: INFO: common: created directory at: artifacts\training]
[2026-04-07 19:56:55,978: INFO: training: Starting model training]
[2026-04-07 19:57:25,630: INFO: common: binary file saved at: artifacts\training\model.pkl]
[2026-04-07 19:57:25,635: INFO: common: json file saved at: artifacts\training\feature_columns.json]
[2026-04-07 19:57:25,637: INFO: training: Training completed and model saved to artifacts\training\model.pkl]
[2026-04-07 19:57:25,706: INFO: main: >>>>>> stage Training completed <<<<<<

x==========x]
[2026-04-07 19:57:25,707: INFO: main: *******************]
[2026-04-07 19:57:25,708: INFO: main: >>>>>> stage Evaluation stage started <<<<<<]
[2026-04-07 19:57:25,714: INFO: common: yaml file loaded: config\config.yaml]
[2026-04-07 19:57:25,716: INFO: common: yaml file loaded: params.yaml]
[2026-04-07 19:57:25,718: INFO: common: created directory at: artifacts]
[2026-04-07 19:57:25,722: INFO: common: created directory at: artifacts\evaluation]
[2026-04-07 19:57:25,725: INFO: evaluation: Starting evaluation]
[2026-04-07 19:57:27,349: INFO: common: binary file loaded from: artifacts\training\model.pkl]
[2026-04-07 19:57:27,389: INFO: common: json file loaded from: artifacts\training\feature_columns.json]
[2026-04-07 19:57:27,556: INFO: common: json file saved at: scores.json]
[2026-04-07 19:57:27,563: INFO: evaluation: Evaluation completed with metrics: {'rmse': 35.95157028121538, 'mae': 24.186582218803338}]
[2026-04-07 19:57:27,643: INFO: main: >>>>>> stage Evaluation stage completed <<<<<<

x==========x]
[2026-04-07 19:57:55,807: INFO: common: binary file loaded from: artifacts/training/model.pkl]
[2026-04-07 19:58:22,000: INFO: common: binary file loaded from: artifacts\training\model.pkl]
[2026-04-07 19:58:22,001: INFO: common: json file loaded from: artifacts\training\feature_columns.json]
[2026-04-07 20:17:06,683: INFO: stage_01_data_ingestion: stage Data Ingestion started]
[2026-04-07 20:17:06,693: INFO: common: yaml file loaded: config\config.yaml]
[2026-04-07 20:17:06,693: INFO: common: yaml file loaded: params.yaml]
[2026-04-07 20:17:06,693: INFO: common: created directory at: artifacts]
[2026-04-07 20:17:06,693: INFO: common: created directory at: artifacts\data_ingestion]
[2026-04-07 20:17:06,693: INFO: data_ingestion: Starting data ingestion]
[2026-04-07 20:17:07,609: INFO: data_ingestion: Saved processed train data to artifacts\data_ingestion\train_processed.csv]
[2026-04-07 20:17:07,609: INFO: data_ingestion: Saved processed test data to artifacts\data_ingestion\test_processed.csv]
[2026-04-07 20:17:07,609: INFO: stage_01_data_ingestion: stage Data Ingestion completed]
[2026-04-07 20:17:08,343: INFO: stage_02_prepare_base_model: stage Prepare Base Model started]
[2026-04-07 20:17:08,343: INFO: common: yaml file loaded: config\config.yaml]
[2026-04-07 20:17:08,343: INFO: common: yaml file loaded: params.yaml]
[2026-04-07 20:17:08,343: INFO: common: created directory at: artifacts]
[2026-04-07 20:17:08,343: INFO: common: created directory at: artifacts\prepare_base_model]
[2026-04-07 20:17:08,343: INFO: prepare_base_model: Prepare base model stage completed (not required for sklearn RUL model)]
[2026-04-07 20:17:08,343: INFO: stage_02_prepare_base_model: stage Prepare Base Model completed]
[2026-04-07 20:17:11,283: INFO: stage_03_training: stage Training started]
[2026-04-07 20:17:11,283: INFO: common: yaml file loaded: config\config.yaml]
[2026-04-07 20:17:11,283: INFO: common: yaml file loaded: params.yaml]
[2026-04-07 20:17:11,283: INFO: common: created directory at: artifacts]
[2026-04-07 20:17:11,283: INFO: common: created directory at: artifacts\training]
[2026-04-07 20:17:11,283: INFO: training: Starting model training]
[2026-04-07 20:17:18,200: INFO: common: binary file saved at: artifacts\training\model.pkl]
[2026-04-07 20:17:18,200: INFO: common: json file saved at: artifacts\training\feature_columns.json]
[2026-04-07 20:17:18,200: INFO: training: Training completed and model saved to artifacts\training\model.pkl]
[2026-04-07 20:17:18,259: INFO: stage_03_training: stage Training completed]
[2026-04-07 20:17:21,900: INFO: stage_04_evaluation: stage Evaluation started]
[2026-04-07 20:17:21,909: INFO: common: yaml file loaded: config\config.yaml]
[2026-04-07 20:17:21,909: INFO: common: yaml file loaded: params.yaml]
[2026-04-07 20:17:21,915: INFO: common: created directory at: artifacts]
[2026-04-07 20:17:21,916: INFO: common: created directory at: artifacts\evaluation]
[2026-04-07 20:17:21,916: INFO: evaluation: Starting evaluation]
[2026-04-07 20:17:23,049: INFO: common: binary file loaded from: artifacts\training\model.pkl]
[2026-04-07 20:17:23,059: INFO: common: json file loaded from: artifacts\training\feature_columns.json]
[2026-04-07 20:17:23,159: INFO: common: json file saved at: scores.json]
[2026-04-07 20:17:23,159: INFO: evaluation: Evaluation completed with metrics: {'rmse': 35.95157028121538, 'mae': 24.186582218803338}]
[2026-04-07 20:17:23,216: INFO: stage_04_evaluation: stage Evaluation completed]
[2026-04-07 20:17:32,666: INFO: common: binary file loaded from: artifacts\training\model.pkl]
[2026-04-07 20:17:32,666: INFO: common: json file loaded from: artifacts\training\feature_columns.json]
[2026-04-07 20:27:18,119: INFO: stage_01_data_ingestion: stage Data Ingestion started]
[2026-04-07 20:27:18,124: INFO: common: yaml file loaded: config\config.yaml]
[2026-04-07 20:27:18,124: INFO: common: yaml file loaded: params.yaml]
[2026-04-07 20:27:18,124: INFO: common: created directory at: artifacts]
[2026-04-07 20:27:18,124: INFO: common: created directory at: artifacts\data_ingestion]
[2026-04-07 20:27:18,124: INFO: data_ingestion: Starting data ingestion]
[2026-04-07 20:27:19,062: INFO: data_ingestion: Saved processed train data to artifacts\data_ingestion\train_processed.csv]
[2026-04-07 20:27:19,062: INFO: data_ingestion: Saved processed test data to artifacts\data_ingestion\test_processed.csv]
[2026-04-07 20:27:19,062: INFO: stage_01_data_ingestion: stage Data Ingestion completed]
[2026-04-07 20:27:19,763: INFO: stage_02_prepare_base_model: stage Prepare Base Model started]
[2026-04-07 20:27:19,763: INFO: common: yaml file loaded: config\config.yaml]
[2026-04-07 20:27:19,763: INFO: common: yaml file loaded: params.yaml]
[2026-04-07 20:27:19,763: INFO: common: created directory at: artifacts]
[2026-04-07 20:27:19,763: INFO: common: created directory at: artifacts\prepare_base_model]
[2026-04-07 20:27:19,763: INFO: prepare_base_model: Prepare base model stage completed (not required for sklearn RUL model)]
[2026-04-07 20:27:19,763: INFO: stage_02_prepare_base_model: stage Prepare Base Model completed]
[2026-04-07 20:27:38,607: INFO: stage_03_training: stage Training started]
[2026-04-07 20:27:38,607: INFO: common: yaml file loaded: config\config.yaml]
[2026-04-07 20:27:38,607: INFO: common: yaml file loaded: params.yaml]
[2026-04-07 20:27:38,607: INFO: common: created directory at: artifacts]
[2026-04-07 20:27:38,617: INFO: common: created directory at: artifacts\training]
[2026-04-07 20:27:38,617: INFO: training: Starting model training]
[2026-04-07 20:27:45,342: INFO: common: binary file saved at: artifacts\training\model.pkl]
[2026-04-07 20:27:45,342: INFO: common: json file saved at: artifacts\training\feature_columns.json]
[2026-04-07 20:27:45,342: INFO: training: Training completed and model saved to artifacts\training\model.pkl]
[2026-04-07 20:27:45,402: INFO: stage_03_training: stage Training completed]
[2026-04-07 20:27:48,104: INFO: stage_04_evaluation: stage Evaluation started]
[2026-04-07 20:27:48,104: INFO: common: yaml file loaded: config\config.yaml]
[2026-04-07 20:27:48,104: INFO: common: yaml file loaded: params.yaml]
[2026-04-07 20:27:48,115: INFO: common: created directory at: artifacts]
[2026-04-07 20:27:48,115: INFO: common: created directory at: artifacts\evaluation]
[2026-04-07 20:27:48,115: INFO: evaluation: Starting evaluation]
[2026-04-07 20:27:48,956: INFO: common: binary file loaded from: artifacts\training\model.pkl]
[2026-04-07 20:27:48,976: INFO: common: json file loaded from: artifacts\training\feature_columns.json]
[2026-04-07 20:27:49,051: INFO: common: json file saved at: scores.json]
[2026-04-07 20:27:49,051: INFO: evaluation: Evaluation completed with metrics: {'rmse': 35.95157028121538, 'mae': 24.186582218803338}]
[2026-04-07 20:27:49,099: INFO: stage_04_evaluation: stage Evaluation completed]
[2026-04-07 20:28:27,442: INFO: common: binary file loaded from: artifacts\training\model.pkl]
[2026-04-07 20:28:27,442: INFO: common: json file loaded from: artifacts\training\feature_columns.json]
[2026-04-07 20:28:27,626: INFO: _internal: [31m[1mWARNING: This is a development server. Do not use it in a production deployment. Use a production WSGI server instead.[0m
 * Running on all addresses (0.0.0.0)
 * Running on http://127.0.0.1:5000
 * Running on http://172.50.5.242:5000]
[2026-04-07 20:28:27,626: INFO: _internal: [33mPress CTRL+C to quit[0m]
[2026-04-07 20:28:27,626: INFO: _internal:  * Restarting with stat]
[2026-04-07 20:28:33,143: INFO: common: binary file loaded from: artifacts\training\model.pkl]
[2026-04-07 20:28:33,146: INFO: common: json file loaded from: artifacts\training\feature_columns.json]
[2026-04-07 20:28:33,823: WARNING: _internal:  * Debugger is active!]
[2026-04-07 20:28:33,861: INFO: _internal:  * Debugger PIN: 770-403-046]
[2026-04-07 20:28:34,188: INFO: _internal: 127.0.0.1 - - [07/Apr/2026 20:28:34] "[31m[1mGET /predictdata HTTP/1.1[0m" 405 -]
[2026-04-07 20:28:34,204: INFO: _internal: 127.0.0.1 - - [07/Apr/2026 20:28:34] "[31m[1mGET /predictdata HTTP/1.1[0m" 405 -]
[2026-04-07 20:28:34,321: INFO: _internal: 127.0.0.1 - - [07/Apr/2026 20:28:34] "[33mGET /favicon.ico HTTP/1.1[0m" 404 -]
[2026-04-07 20:29:07,837: INFO: _internal:  * Detected change in 'c:\\Users\\nachi\\OneDrive\\Desktop\\RUL_Prediction_Project\\RUL\\application.py', reloading]
[2026-04-07 20:29:08,177: INFO: _internal:  * Restarting with stat]
[2026-04-07 20:29:11,130: INFO: common: binary file loaded from: artifacts\training\model.pkl]
[2026-04-07 20:29:11,130: INFO: common: json file loaded from: artifacts\training\feature_columns.json]
[2026-04-07 20:29:11,304: WARNING: _internal:  * Debugger is active!]
[2026-04-07 20:29:11,313: INFO: _internal:  * Debugger PIN: 770-403-046]
[2026-04-07 20:29:11,875: INFO: _internal: 127.0.0.1 - - [07/Apr/2026 20:29:11] "GET /predictdata HTTP/1.1" 200 -]
[2026-04-07 20:29:20,209: INFO: _internal: 127.0.0.1 - - [07/Apr/2026 20:29:20] "POST /predict HTTP/1.1" 200 -]
[2026-04-07 20:29:21,329: INFO: common: binary file loaded from: artifacts\training\model.pkl]
[2026-04-07 20:29:21,332: INFO: common: json file loaded from: artifacts\training\feature_columns.json]
[2026-04-07 20:29:40,207: INFO: _internal: 127.0.0.1 - - [07/Apr/2026 20:29:40] "POST /predict HTTP/1.1" 200 -]
[2026-04-07 20:30:37,887: INFO: _internal: 127.0.0.1 - - [07/Apr/2026 20:30:37] "GET /predictdata HTTP/1.1" 200 -]
[2026-04-07 20:30:44,039: INFO: _internal: 127.0.0.1 - - [07/Apr/2026 20:30:44] "POST /predict HTTP/1.1" 200 -]
[2026-04-07 20:32:17,069: INFO: _internal: 127.0.0.1 - - [07/Apr/2026 20:32:17] "POST /predict HTTP/1.1" 200 -]
[2026-04-07 21:41:09,348: INFO: stage_01_data_ingestion: stage Data Ingestion started]
[2026-04-07 21:41:09,350: INFO: common: yaml file loaded: config\config.yaml]
[2026-04-07 21:41:09,350: INFO: common: yaml file loaded: params.yaml]
[2026-04-07 21:41:09,350: INFO: common: created directory at: artifacts]
[2026-04-07 21:41:09,350: INFO: common: created directory at: artifacts\data_ingestion]
[2026-04-07 21:41:09,350: INFO: data_ingestion: Starting data ingestion]
[2026-04-07 21:41:10,449: INFO: data_ingestion: Saved processed train data to artifacts\data_ingestion\train_processed.csv]
[2026-04-07 21:41:10,449: INFO: data_ingestion: Saved processed test data to artifacts\data_ingestion\test_processed.csv]
[2026-04-07 21:41:10,449: INFO: stage_01_data_ingestion: stage Data Ingestion completed]
[2026-04-07 21:41:11,099: INFO: stage_02_prepare_base_model: stage Prepare Base Model started]
[2026-04-07 21:41:11,099: INFO: common: yaml file loaded: config\config.yaml]
[2026-04-07 21:41:11,099: INFO: common: yaml file loaded: params.yaml]
[2026-04-07 21:41:11,099: INFO: common: created directory at: artifacts]
[2026-04-07 21:41:11,099: INFO: common: created directory at: artifacts\prepare_base_model]
[2026-04-07 21:41:11,099: INFO: prepare_base_model: Prepare base model stage completed (not required for sklearn RUL model)]
[2026-04-07 21:41:11,099: INFO: stage_02_prepare_base_model: stage Prepare Base Model completed]
[2026-04-07 21:42:18,168: INFO: stage_03_training: stage Training started]
[2026-04-07 21:42:18,177: INFO: common: yaml file loaded: config\config.yaml]
[2026-04-07 21:42:18,177: INFO: common: yaml file loaded: params.yaml]
[2026-04-07 21:42:18,177: INFO: common: created directory at: artifacts]
[2026-04-07 21:42:18,177: INFO: common: created directory at: artifacts\training]
[2026-04-07 21:42:18,177: INFO: training: Starting CNN-LSTM model training]
[2026-04-07 21:42:18,617: WARNING: config: TensorFlow GPU support is not available on native Windows for TensorFlow >= 2.11. Even if CUDA/cuDNN are installed, GPU will not be used. Please use WSL2 or the TensorFlow-DirectML plugin.]
[2026-04-07 21:42:18,617: INFO: training: Fitting CNN-LSTM Model...]
[2026-04-07 21:42:53,799: WARNING: saving_api: You are saving your model as an HDF5 file via `model.save()` or `keras.saving.save_model(model)`. This file format is considered legacy. We recommend using instead the native Keras format, e.g. `model.save('my_model.keras')` or `keras.saving.save_model(model, 'my_model.keras')`. ]
[2026-04-07 21:42:53,830: INFO: common: json file saved at: artifacts\training\feature_columns.json]
[2026-04-07 21:42:53,831: INFO: training: Training completed. Model saved to artifacts\training\model.h5]
[2026-04-07 21:42:53,834: INFO: stage_03_training: stage Training completed]
[2026-04-07 21:43:02,333: INFO: stage_04_evaluation: stage Evaluation started]
[2026-04-07 21:43:02,333: INFO: common: yaml file loaded: config\config.yaml]
[2026-04-07 21:43:02,340: INFO: common: yaml file loaded: params.yaml]
[2026-04-07 21:43:02,340: INFO: common: created directory at: artifacts]
[2026-04-07 21:43:02,343: INFO: common: created directory at: artifacts\evaluation]
[2026-04-07 21:43:02,343: INFO: evaluation: Starting CNN-LSTM evaluation]
[2026-04-07 21:43:02,658: ERROR: stage_04_evaluation: Could not deserialize 'keras.metrics.mse' because it is not a KerasSaveable subclass]
Traceback (most recent call last):
  File "C:\Users\nachi\OneDrive\Desktop\RUL_Prediction_Project\RUL\src\RUL_prediction\pipeline\stage_04_evaluation.py", line 21, in <module>
    obj.main()
  File "C:\Users\nachi\OneDrive\Desktop\RUL_Prediction_Project\RUL\src\RUL_prediction\pipeline\stage_04_evaluation.py", line 14, in main
    evaluator.run()
  File "C:\Users\nachi\OneDrive\Desktop\RUL_Prediction_Project\RUL\src\RUL_prediction\components\evaluation.py", line 24, in run
    model = tf.keras.models.load_model(str(model_dir / "model.h5"))
            ^^^^^^^^^^^^^^^^^^^^^^^^^^^^^^^^^^^^^^^^^^^^^^^^^^^^^^^
  File "C:\Users\nachi\AppData\Local\Programs\Python\Python312\Lib\site-packages\keras\src\saving\saving_api.py", line 195, in load_model
    return legacy_h5_format.load_model_from_hdf5(
           ^^^^^^^^^^^^^^^^^^^^^^^^^^^^^^^^^^^^^^
  File "C:\Users\nachi\AppData\Local\Programs\Python\Python312\Lib\site-packages\keras\src\legacy\saving\legacy_h5_format.py", line 159, in load_model_from_hdf5
    **saving_utils.compile_args_from_training_config(
      ^^^^^^^^^^^^^^^^^^^^^^^^^^^^^^^^^^^^^^^^^^^^^^^
  File "C:\Users\nachi\AppData\Local\Programs\Python\Python312\Lib\site-packages\keras\src\legacy\saving\saving_utils.py", line 143, in compile_args_from_training_config
    loss = _deserialize_nested_config(losses.deserialize, loss_config)
           ^^^^^^^^^^^^^^^^^^^^^^^^^^^^^^^^^^^^^^^^^^^^^^^^^^^^^^^^^^^
  File "C:\Users\nachi\AppData\Local\Programs\Python\Python312\Lib\site-packages\keras\src\legacy\saving\saving_utils.py", line 202, in _deserialize_nested_config
    return deserialize_fn(config)
           ^^^^^^^^^^^^^^^^^^^^^^
  File "C:\Users\nachi\AppData\Local\Programs\Python\Python312\Lib\site-packages\keras\src\losses\__init__.py", line 155, in deserialize
    return serialization_lib.deserialize_keras_object(
           ^^^^^^^^^^^^^^^^^^^^^^^^^^^^^^^^^^^^^^^^^^^
  File "C:\Users\nachi\AppData\Local\Programs\Python\Python312\Lib\site-packages\keras\src\saving\serialization_lib.py", line 594, in deserialize_keras_object
    return deserialize_keras_object(
           ^^^^^^^^^^^^^^^^^^^^^^^^^
  File "C:\Users\nachi\AppData\Local\Programs\Python\Python312\Lib\site-packages\keras\src\saving\serialization_lib.py", line 697, in deserialize_keras_object
    return _retrieve_class_or_fn(
           ^^^^^^^^^^^^^^^^^^^^^^
  File "C:\Users\nachi\AppData\Local\Programs\Python\Python312\Lib\site-packages\keras\src\saving\serialization_lib.py", line 827, in _retrieve_class_or_fn
    raise ValueError(
ValueError: Could not deserialize 'keras.metrics.mse' because it is not a KerasSaveable subclass
[2026-04-07 21:43:20,182: INFO: stage_04_evaluation: stage Evaluation started]
[2026-04-07 21:43:20,182: INFO: common: yaml file loaded: config\config.yaml]
[2026-04-07 21:43:20,182: INFO: common: yaml file loaded: params.yaml]
[2026-04-07 21:43:20,182: INFO: common: created directory at: artifacts]
[2026-04-07 21:43:20,182: INFO: common: created directory at: artifacts\evaluation]
[2026-04-07 21:43:20,182: INFO: evaluation: Starting CNN-LSTM evaluation]
[2026-04-07 21:43:20,476: WARNING: config: TensorFlow GPU support is not available on native Windows for TensorFlow >= 2.11. Even if CUDA/cuDNN are installed, GPU will not be used. Please use WSL2 or the TensorFlow-DirectML plugin.]
[2026-04-07 21:43:28,756: INFO: common: json file saved at: scores.json]
[2026-04-07 21:43:28,756: INFO: evaluation: Evaluation completed. RMSE: 15.20, MAE: 11.50]
[2026-04-07 21:43:28,756: INFO: stage_04_evaluation: stage Evaluation completed]
[2026-04-07 21:47:20,141: INFO: _internal: [31m[1mWARNING: This is a development server. Do not use it in a production deployment. Use a production WSGI server instead.[0m
 * Running on all addresses (0.0.0.0)
 * Running on http://127.0.0.1:5000
 * Running on http://172.50.5.242:5000]
[2026-04-07 21:47:20,141: INFO: _internal: [33mPress CTRL+C to quit[0m]
[2026-04-07 21:47:20,142: INFO: _internal:  * Restarting with stat]
[2026-04-07 21:47:35,632: WARNING: _internal:  * Debugger is active!]
[2026-04-07 21:47:35,635: INFO: _internal:  * Debugger PIN: 770-403-046]
[2026-04-07 21:47:36,592: INFO: _internal: 127.0.0.1 - - [07/Apr/2026 21:47:36] "GET /predictdata HTTP/1.1" 200 -]
[2026-04-07 21:47:36,606: INFO: _internal: 127.0.0.1 - - [07/Apr/2026 21:47:36] "GET /predictdata HTTP/1.1" 200 -]
[2026-04-07 21:47:43,845: INFO: _internal: 127.0.0.1 - - [07/Apr/2026 21:47:43] "[31m[1mPOST /predict HTTP/1.1[0m" 400 -]
[2026-04-07 21:48:07,489: INFO: _internal: 127.0.0.1 - - [07/Apr/2026 21:48:07] "[31m[1mPOST /predict HTTP/1.1[0m" 400 -]
[2026-04-07 21:48:08,084: INFO: _internal: 127.0.0.1 - - [07/Apr/2026 21:48:08] "[31m[1mPOST /predict HTTP/1.1[0m" 400 -]
[2026-04-07 21:48:08,234: INFO: _internal: 127.0.0.1 - - [07/Apr/2026 21:48:08] "[31m[1mPOST /predict HTTP/1.1[0m" 400 -]
[2026-04-07 21:48:08,381: INFO: _internal: 127.0.0.1 - - [07/Apr/2026 21:48:08] "[31m[1mPOST /predict HTTP/1.1[0m" 400 -]
[2026-04-07 21:48:39,825: INFO: _internal:  * Detected change in 'C:\\Users\\nachi\\OneDrive\\Desktop\\RUL_Prediction_Project\\RUL\\src\\RUL_prediction\\pipeline\\predict.py', reloading]
[2026-04-07 21:48:40,842: INFO: _internal:  * Restarting with stat]
[2026-04-07 21:48:49,705: WARNING: _internal:  * Debugger is active!]
[2026-04-07 21:48:49,711: INFO: _internal:  * Debugger PIN: 770-403-046]
[2026-04-07 21:48:50,913: INFO: _internal: 127.0.0.1 - - [07/Apr/2026 21:48:50] "GET /predictdata HTTP/1.1" 200 -]
[2026-04-07 21:48:57,801: WARNING: config: TensorFlow GPU support is not available on native Windows for TensorFlow >= 2.11. Even if CUDA/cuDNN are installed, GPU will not be used. Please use WSL2 or the TensorFlow-DirectML plugin.]
[2026-04-07 21:48:59,831: INFO: _internal: 127.0.0.1 - - [07/Apr/2026 21:48:59] "POST /predict HTTP/1.1" 200 -]
[2026-04-07 21:48:59,837: INFO: _internal: 127.0.0.1 - - [07/Apr/2026 21:48:59] "POST /predict HTTP/1.1" 200 -]
[2026-04-07 21:48:59,844: INFO: _internal: 127.0.0.1 - - [07/Apr/2026 21:48:59] "POST /predict HTTP/1.1" 200 -]
[2026-04-07 21:48:59,844: INFO: _internal: 127.0.0.1 - - [07/Apr/2026 21:48:59] "POST /predict HTTP/1.1" 200 -]
[2026-04-07 21:49:33,918: INFO: _internal:  * Detected change in 'C:\\Users\\nachi\\OneDrive\\Desktop\\RUL_Prediction_Project\\RUL\\src\\RUL_prediction\\pipeline\\predict.py', reloading]
[2026-04-07 21:49:35,462: INFO: _internal:  * Restarting with stat]
[2026-04-07 21:49:54,614: WARNING: _internal:  * Debugger is active!]
[2026-04-07 21:49:54,624: INFO: _internal:  * Debugger PIN: 770-403-046]
[2026-04-07 21:49:57,065: WARNING: config: TensorFlow GPU support is not available on native Windows for TensorFlow >= 2.11. Even if CUDA/cuDNN are installed, GPU will not be used. Please use WSL2 or the TensorFlow-DirectML plugin.]
[2026-04-07 21:49:57,073: WARNING: config: TensorFlow GPU support is not available on native Windows for TensorFlow >= 2.11. Even if CUDA/cuDNN are installed, GPU will not be used. Please use WSL2 or the TensorFlow-DirectML plugin.]
[2026-04-07 21:49:59,408: WARNING: polymorphic_function: 5 out of the last 5 calls to <function TensorFlowTrainer.make_predict_function.<locals>.one_step_on_data_distributed at 0x000001C5F3BC2700> triggered tf.function retracing. Tracing is expensive and the excessive number of tracings could be due to (1) creating @tf.function repeatedly in a loop, (2) passing tensors with different shapes, (3) passing Python objects instead of tensors. For (1), please define your @tf.function outside of the loop. For (2), @tf.function has reduce_retracing=True option that can avoid unnecessary retracing. For (3), please refer to https://www.tensorflow.org/guide/function#controlling_retracing and https://www.tensorflow.org/api_docs/python/tf/function for  more details.]
[2026-04-07 21:49:59,423: WARNING: polymorphic_function: 6 out of the last 6 calls to <function TensorFlowTrainer.make_predict_function.<locals>.one_step_on_data_distributed at 0x000001C5F3BC2700> triggered tf.function retracing. Tracing is expensive and the excessive number of tracings could be due to (1) creating @tf.function repeatedly in a loop, (2) passing tensors with different shapes, (3) passing Python objects instead of tensors. For (1), please define your @tf.function outside of the loop. For (2), @tf.function has reduce_retracing=True option that can avoid unnecessary retracing. For (3), please refer to https://www.tensorflow.org/guide/function#controlling_retracing and https://www.tensorflow.org/api_docs/python/tf/function for  more details.]
[2026-04-07 21:49:59,716: INFO: _internal: 127.0.0.1 - - [07/Apr/2026 21:49:59] "POST /predict HTTP/1.1" 200 -]
[2026-04-07 21:49:59,748: INFO: _internal: 127.0.0.1 - - [07/Apr/2026 21:49:59] "POST /predict HTTP/1.1" 200 -]
[2026-04-07 21:49:59,748: INFO: _internal: 127.0.0.1 - - [07/Apr/2026 21:49:59] "POST /predict HTTP/1.1" 200 -]
[2026-04-07 21:49:59,756: INFO: _internal: 127.0.0.1 - - [07/Apr/2026 21:49:59] "POST /predict HTTP/1.1" 200 -]
[2026-04-07 21:49:59,756: INFO: _internal: 127.0.0.1 - - [07/Apr/2026 21:49:59] "POST /predict HTTP/1.1" 200 -]
[2026-04-07 21:49:59,775: INFO: _internal: 127.0.0.1 - - [07/Apr/2026 21:49:59] "GET /predictdata HTTP/1.1" 200 -]
[2026-04-07 21:49:59,775: INFO: _internal: 127.0.0.1 - - [07/Apr/2026 21:49:59] "POST /predict HTTP/1.1" 200 -]
[2026-04-07 21:50:01,466: INFO: _internal: 127.0.0.1 - - [07/Apr/2026 21:50:01] "POST /predict HTTP/1.1" 200 -]
[2026-04-07 21:50:01,466: INFO: _internal: 127.0.0.1 - - [07/Apr/2026 21:50:01] "POST /predict HTTP/1.1" 200 -]
[2026-04-07 21:50:01,466: INFO: _internal: 127.0.0.1 - - [07/Apr/2026 21:50:01] "POST /predict HTTP/1.1" 200 -]
[2026-04-07 21:50:01,477: INFO: _internal: 127.0.0.1 - - [07/Apr/2026 21:50:01] "POST /predict HTTP/1.1" 200 -]
[2026-04-07 21:50:01,477: INFO: _internal: 127.0.0.1 - - [07/Apr/2026 21:50:01] "POST /predict HTTP/1.1" 200 -]
[2026-04-07 21:50:01,477: INFO: _internal: 127.0.0.1 - - [07/Apr/2026 21:50:01] "POST /predict HTTP/1.1" 200 -]
[2026-04-07 21:50:02,624: INFO: _internal: 127.0.0.1 - - [07/Apr/2026 21:50:02] "POST /predict HTTP/1.1" 200 -]
[2026-04-07 21:50:02,624: INFO: _internal: 127.0.0.1 - - [07/Apr/2026 21:50:02] "POST /predict HTTP/1.1" 200 -]
[2026-04-07 21:50:02,624: INFO: _internal: 127.0.0.1 - - [07/Apr/2026 21:50:02] "POST /predict HTTP/1.1" 200 -]
[2026-04-07 21:50:02,624: INFO: _internal: 127.0.0.1 - - [07/Apr/2026 21:50:02] "POST /predict HTTP/1.1" 200 -]
[2026-04-07 21:50:24,789: INFO: _internal: 127.0.0.1 - - [07/Apr/2026 21:50:24] "POST /predict HTTP/1.1" 200 -]
[2026-04-07 21:50:26,406: INFO: _internal:  * Detected change in 'C:\\Users\\nachi\\OneDrive\\Desktop\\RUL_Prediction_Project\\RUL\\src\\RUL_prediction\\pipeline\\predict.py', reloading]
[2026-04-07 21:50:28,113: INFO: _internal:  * Restarting with stat]
[2026-04-07 21:50:49,249: WARNING: _internal:  * Debugger is active!]
[2026-04-07 21:50:49,255: INFO: _internal:  * Debugger PIN: 770-403-046]
[2026-04-07 21:50:52,221: WARNING: config: TensorFlow GPU support is not available on native Windows for TensorFlow >= 2.11. Even if CUDA/cuDNN are installed, GPU will not be used. Please use WSL2 or the TensorFlow-DirectML plugin.]
[2026-04-07 21:50:52,891: WARNING: polymorphic_function: 5 out of the last 5 calls to <function TensorFlowTrainer.make_predict_function.<locals>.one_step_on_data_distributed at 0x000001F98AE42340> triggered tf.function retracing. Tracing is expensive and the excessive number of tracings could be due to (1) creating @tf.function repeatedly in a loop, (2) passing tensors with different shapes, (3) passing Python objects instead of tensors. For (1), please define your @tf.function outside of the loop. For (2), @tf.function has reduce_retracing=True option that can avoid unnecessary retracing. For (3), please refer to https://www.tensorflow.org/guide/function#controlling_retracing and https://www.tensorflow.org/api_docs/python/tf/function for  more details.]
[2026-04-07 21:50:52,891: WARNING: polymorphic_function: 6 out of the last 6 calls to <function TensorFlowTrainer.make_predict_function.<locals>.one_step_on_data_distributed at 0x000001F98AE42340> triggered tf.function retracing. Tracing is expensive and the excessive number of tracings could be due to (1) creating @tf.function repeatedly in a loop, (2) passing tensors with different shapes, (3) passing Python objects instead of tensors. For (1), please define your @tf.function outside of the loop. For (2), @tf.function has reduce_retracing=True option that can avoid unnecessary retracing. For (3), please refer to https://www.tensorflow.org/guide/function#controlling_retracing and https://www.tensorflow.org/api_docs/python/tf/function for  more details.]
[2026-04-07 21:50:52,956: INFO: _internal: 127.0.0.1 - - [07/Apr/2026 21:50:52] "POST /predict HTTP/1.1" 200 -]
[2026-04-07 21:50:52,960: INFO: _internal: 127.0.0.1 - - [07/Apr/2026 21:50:52] "POST /predict HTTP/1.1" 200 -]
[2026-04-07 21:50:52,960: INFO: _internal: 127.0.0.1 - - [07/Apr/2026 21:50:52] "POST /predict HTTP/1.1" 200 -]
[2026-04-07 21:50:52,964: INFO: _internal: 127.0.0.1 - - [07/Apr/2026 21:50:52] "POST /predict HTTP/1.1" 200 -]
[2026-04-07 21:50:52,964: INFO: _internal: 127.0.0.1 - - [07/Apr/2026 21:50:52] "POST /predict HTTP/1.1" 200 -]
[2026-04-07 21:50:52,966: INFO: _internal: 127.0.0.1 - - [07/Apr/2026 21:50:52] "POST /predict HTTP/1.1" 200 -]
[2026-04-07 21:50:52,978: INFO: _internal: 127.0.0.1 - - [07/Apr/2026 21:50:52] "GET /predictdata HTTP/1.1" 200 -]
[2026-04-07 21:50:53,183: INFO: _internal: 127.0.0.1 - - [07/Apr/2026 21:50:53] "POST /predict HTTP/1.1" 200 -]
[2026-04-07 21:50:54,545: WARNING: config: TensorFlow GPU support is not available on native Windows for TensorFlow >= 2.11. Even if CUDA/cuDNN are installed, GPU will not be used. Please use WSL2 or the TensorFlow-DirectML plugin.]
[2026-04-07 21:51:28,084: INFO: _internal: 127.0.0.1 - - [07/Apr/2026 21:51:28] "POST /predict HTTP/1.1" 200 -]
[2026-04-07 21:51:32,675: INFO: _internal: 127.0.0.1 - - [07/Apr/2026 21:51:32] "POST /predict HTTP/1.1" 200 -]
[2026-04-07 21:56:24,533: INFO: _internal: 127.0.0.1 - - [07/Apr/2026 21:56:24] "GET /predictdata HTTP/1.1" 200 -]
[2026-04-07 22:13:40,174: INFO: _internal: 127.0.0.1 - - [07/Apr/2026 22:13:40] "GET /predictdata HTTP/1.1" 200 -]
[2026-04-07 22:17:46,887: WARNING: config: TensorFlow GPU support is not available on native Windows for TensorFlow >= 2.11. Even if CUDA/cuDNN are installed, GPU will not be used. Please use WSL2 or the TensorFlow-DirectML plugin.]
[2026-04-07 22:22:27,125: WARNING: config: TensorFlow GPU support is not available on native Windows for TensorFlow >= 2.11. Even if CUDA/cuDNN are installed, GPU will not be used. Please use WSL2 or the TensorFlow-DirectML plugin.]
[2026-04-07 22:23:44,799: INFO: _internal: 127.0.0.1 - - [07/Apr/2026 22:23:44] "GET /predictdata HTTP/1.1" 200 -]
[2026-04-07 22:23:54,394: INFO: _internal: 127.0.0.1 - - [07/Apr/2026 22:23:54] "POST /predict HTTP/1.1" 200 -]
[2026-04-07 22:24:39,020: INFO: _internal: 127.0.0.1 - - [07/Apr/2026 22:24:39] "POST /predict HTTP/1.1" 200 -]
[2026-04-07 22:26:47,637: INFO: _internal: 127.0.0.1 - - [07/Apr/2026 22:26:47] "GET /predictdata HTTP/1.1" 200 -]
[2026-04-07 22:26:57,052: INFO: _internal: 127.0.0.1 - - [07/Apr/2026 22:26:57] "POST /predict HTTP/1.1" 200 -]
[2026-04-07 22:28:53,028: INFO: _internal:  * Detected change in 'C:\\Users\\nachi\\OneDrive\\Desktop\\RUL_Prediction_Project\\RUL\\application.py', reloading]
[2026-04-07 22:28:54,684: INFO: _internal:  * Restarting with stat]
[2026-04-07 22:29:33,943: WARNING: _internal:  * Debugger is active!]
[2026-04-07 22:29:33,970: INFO: _internal:  * Debugger PIN: 770-403-046]
[2026-04-07 22:29:36,484: INFO: _internal: 127.0.0.1 - - [07/Apr/2026 22:29:36] "GET /predictdata HTTP/1.1" 200 -]
[2026-04-07 22:29:36,507: INFO: _internal: 127.0.0.1 - - [07/Apr/2026 22:29:36] "GET /predictdata HTTP/1.1" 200 -]
[2026-04-07 22:29:53,131: WARNING: config: TensorFlow GPU support is not available on native Windows for TensorFlow >= 2.11. Even if CUDA/cuDNN are installed, GPU will not be used. Please use WSL2 or the TensorFlow-DirectML plugin.]
[2026-04-07 22:29:53,968: WARNING: config: TensorFlow GPU support is not available on native Windows for TensorFlow >= 2.11. Even if CUDA/cuDNN are installed, GPU will not be used. Please use WSL2 or the TensorFlow-DirectML plugin.]
[2026-04-07 22:29:56,166: INFO: _internal: 127.0.0.1 - - [07/Apr/2026 22:29:56] "POST /predict HTTP/1.1" 200 -]
[2026-04-07 22:30:20,151: INFO: _internal: 127.0.0.1 - - [07/Apr/2026 22:30:20] "GET /predictdata HTTP/1.1" 200 -]
[2026-04-07 22:30:27,031: INFO: _internal: 127.0.0.1 - - [07/Apr/2026 22:30:27] "POST /predict HTTP/1.1" 200 -]
[2026-04-07 22:30:36,165: INFO: _internal:  * Detected change in 'C:\\Users\\nachi\\OneDrive\\Desktop\\RUL_Prediction_Project\\RUL\\application.py', reloading]
[2026-04-07 22:30:37,042: INFO: _internal:  * Restarting with stat]
[2026-04-07 22:30:56,890: WARNING: _internal:  * Debugger is active!]
[2026-04-07 22:30:56,890: INFO: _internal:  * Debugger PIN: 770-403-046]
[2026-04-07 22:30:58,509: INFO: _internal: 127.0.0.1 - - [07/Apr/2026 22:30:58] "GET /predictdata HTTP/1.1" 200 -]
[2026-04-07 22:30:58,532: INFO: _internal: 127.0.0.1 - - [07/Apr/2026 22:30:58] "GET /predictdata HTTP/1.1" 200 -]
[2026-04-07 22:32:05,088: INFO: _internal:  * Detected change in 'C:\\Users\\nachi\\OneDrive\\Desktop\\RUL_Prediction_Project\\RUL\\application.py', reloading]
[2026-04-07 22:32:06,329: INFO: _internal:  * Restarting with stat]
[2026-04-07 22:32:43,529: WARNING: _internal:  * Debugger is active!]
[2026-04-07 22:32:43,558: INFO: _internal:  * Debugger PIN: 770-403-046]
[2026-04-07 22:32:45,699: INFO: _internal: 127.0.0.1 - - [07/Apr/2026 22:32:45] "GET /predictdata HTTP/1.1" 200 -]
[2026-04-07 22:33:13,556: INFO: _internal: 127.0.0.1 - - [07/Apr/2026 22:33:13] "GET /testdata HTTP/1.1" 200 -]
[2026-04-07 22:33:34,281: INFO: _internal:  * Detected change in 'C:\\Users\\nachi\\OneDrive\\Desktop\\RUL_Prediction_Project\\RUL\\application.py', reloading]
[2026-04-07 22:33:35,572: INFO: _internal:  * Restarting with stat]
[2026-04-07 22:34:05,964: WARNING: _internal:  * Debugger is active!]
[2026-04-07 22:34:05,998: INFO: _internal:  * Debugger PIN: 770-403-046]
[2026-04-07 22:34:08,335: INFO: _internal: 127.0.0.1 - - [07/Apr/2026 22:34:08] "GET /predictdata HTTP/1.1" 200 -]
[2026-04-07 22:34:08,365: INFO: _internal: 127.0.0.1 - - [07/Apr/2026 22:34:08] "GET /predictdata HTTP/1.1" 200 -]
[2026-04-07 22:34:08,429: WARNING: config: TensorFlow GPU support is not available on native Windows for TensorFlow >= 2.11. Even if CUDA/cuDNN are installed, GPU will not be used. Please use WSL2 or the TensorFlow-DirectML plugin.]
[2026-04-07 22:34:09,610: INFO: _internal: 127.0.0.1 - - [07/Apr/2026 22:34:09] "GET /testdata HTTP/1.1" 200 -]
[2026-04-07 22:34:10,226: INFO: _internal: 127.0.0.1 - - [07/Apr/2026 22:34:10] "POST /predict HTTP/1.1" 200 -]
[2026-04-07 22:34:10,245: INFO: _internal: 127.0.0.1 - - [07/Apr/2026 22:34:10] "GET /testdata HTTP/1.1" 200 -]
[2026-04-07 22:34:21,410: INFO: _internal: 127.0.0.1 - - [07/Apr/2026 22:34:21] "POST /predict HTTP/1.1" 200 -]
[2026-04-07 22:37:22,507: INFO: _internal: 127.0.0.1 - - [07/Apr/2026 22:37:22] "GET /predictdata HTTP/1.1" 200 -]
[2026-04-07 22:37:23,382: INFO: _internal: 127.0.0.1 - - [07/Apr/2026 22:37:23] "GET /testdata HTTP/1.1" 200 -]
[2026-04-07 23:02:14,798: INFO: _internal:  * Detected change in 'C:\\Users\\nachi\\OneDrive\\Desktop\\RUL_Prediction_Project\\RUL\\application.py', reloading]
[2026-04-07 23:02:16,250: INFO: _internal:  * Restarting with stat]
[2026-04-07 23:02:48,547: WARNING: _internal:  * Debugger is active!]
[2026-04-07 23:02:48,563: INFO: _internal:  * Debugger PIN: 770-403-046]
[2026-04-07 23:02:52,213: INFO: _internal: 127.0.0.1 - - [07/Apr/2026 23:02:52] "GET /predictdata HTTP/1.1" 200 -]
[2026-04-07 23:02:52,222: INFO: _internal: 127.0.0.1 - - [07/Apr/2026 23:02:52] "GET /predictdata HTTP/1.1" 200 -]
[2026-04-07 23:02:52,617: INFO: _internal: 127.0.0.1 - - [07/Apr/2026 23:02:52] "GET /profiles/leo%20mathew.jpeg HTTP/1.1" 200 -]
[2026-04-07 23:02:52,631: INFO: _internal: 127.0.0.1 - - [07/Apr/2026 23:02:52] "GET /profiles/milan.jpeg HTTP/1.1" 200 -]
[2026-04-07 23:02:52,638: INFO: _internal: 127.0.0.1 - - [07/Apr/2026 23:02:52] "GET /profiles/nachikethus.jpeg HTTP/1.1" 200 -]
[2026-04-07 23:02:52,700: INFO: _internal: 127.0.0.1 - - [07/Apr/2026 23:02:52] "[36mGET /profiles/leo%20mathew.jpeg HTTP/1.1[0m" 304 -]
[2026-04-07 23:02:52,708: INFO: _internal: 127.0.0.1 - - [07/Apr/2026 23:02:52] "[36mGET /profiles/milan.jpeg HTTP/1.1[0m" 304 -]
[2026-04-07 23:02:52,733: INFO: _internal: 127.0.0.1 - - [07/Apr/2026 23:02:52] "[36mGET /profiles/nachikethus.jpeg HTTP/1.1[0m" 304 -]
[2026-04-07 23:02:52,917: INFO: _internal: 127.0.0.1 - - [07/Apr/2026 23:02:52] "GET /testdata HTTP/1.1" 200 -]
[2026-04-07 23:02:53,434: INFO: _internal: 127.0.0.1 - - [07/Apr/2026 23:02:53] "GET /testdata HTTP/1.1" 200 -]
[2026-04-07 23:03:23,712: INFO: _internal:  * Detected change in 'C:\\Users\\nachi\\OneDrive\\Desktop\\RUL_Prediction_Project\\RUL\\application.py', reloading]
[2026-04-07 23:03:24,762: INFO: _internal:  * Restarting with stat]
[2026-04-07 23:03:38,987: WARNING: _internal:  * Debugger is active!]
[2026-04-07 23:03:39,000: INFO: _internal:  * Debugger PIN: 770-403-046]
[2026-04-07 23:03:41,020: INFO: _internal: 127.0.0.1 - - [07/Apr/2026 23:03:41] "GET /predictdata HTTP/1.1" 200 -]
[2026-04-07 23:03:41,668: INFO: _internal: 127.0.0.1 - - [07/Apr/2026 23:03:41] "[36mGET /profiles/milan.jpeg HTTP/1.1[0m" 304 -]
[2026-04-07 23:03:41,695: INFO: _internal: 127.0.0.1 - - [07/Apr/2026 23:03:41] "[36mGET /profiles/nachikethus.jpeg HTTP/1.1[0m" 304 -]
[2026-04-07 23:03:41,695: INFO: _internal: 127.0.0.1 - - [07/Apr/2026 23:03:41] "[36mGET /profiles/leo%20mathew.jpeg HTTP/1.1[0m" 304 -]
[2026-04-07 23:03:42,301: INFO: _internal: 127.0.0.1 - - [07/Apr/2026 23:03:42] "GET /testdata HTTP/1.1" 200 -]
[2026-04-07 23:51:41,957: INFO: _internal: [31m[1mWARNING: This is a development server. Do not use it in a production deployment. Use a production WSGI server instead.[0m
 * Running on all addresses (0.0.0.0)
 * Running on http://127.0.0.1:5000
 * Running on http://172.50.5.242:5000]
[2026-04-07 23:51:41,958: INFO: _internal: [33mPress CTRL+C to quit[0m]
[2026-04-07 23:51:41,975: INFO: _internal:  * Restarting with stat]
[2026-04-07 23:52:14,660: WARNING: _internal:  * Debugger is active!]
[2026-04-07 23:52:14,680: INFO: _internal:  * Debugger PIN: 455-472-709]
[2026-04-07 23:52:17,909: INFO: _internal: 127.0.0.1 - - [07/Apr/2026 23:52:17] "GET /predictdata HTTP/1.1" 200 -]
[2026-04-07 23:52:17,921: INFO: _internal: 127.0.0.1 - - [07/Apr/2026 23:52:17] "GET /predictdata HTTP/1.1" 200 -]
[2026-04-07 23:52:18,547: INFO: _internal: 127.0.0.1 - - [07/Apr/2026 23:52:18] "[36mGET /profiles/leo%20mathew.jpeg HTTP/1.1[0m" 304 -]
[2026-04-07 23:52:18,651: INFO: _internal: 127.0.0.1 - - [07/Apr/2026 23:52:18] "[36mGET /profiles/nachikethus.jpeg HTTP/1.1[0m" 304 -]
[2026-04-07 23:52:18,665: INFO: _internal: 127.0.0.1 - - [07/Apr/2026 23:52:18] "[36mGET /profiles/milan.jpeg HTTP/1.1[0m" 304 -]
[2026-04-07 23:52:18,666: INFO: _internal: 127.0.0.1 - - [07/Apr/2026 23:52:18] "[36mGET /profiles/leo%20mathew.jpeg HTTP/1.1[0m" 304 -]
[2026-04-07 23:52:18,785: INFO: _internal: 127.0.0.1 - - [07/Apr/2026 23:52:18] "[36mGET /profiles/nachikethus.jpeg HTTP/1.1[0m" 304 -]
[2026-04-07 23:52:18,792: INFO: _internal: 127.0.0.1 - - [07/Apr/2026 23:52:18] "[36mGET /profiles/milan.jpeg HTTP/1.1[0m" 304 -]
[2026-04-07 23:52:18,828: INFO: _internal: 127.0.0.1 - - [07/Apr/2026 23:52:18] "[33mGET /favicon.ico HTTP/1.1[0m" 404 -]
[2026-04-07 23:52:19,227: INFO: _internal: 127.0.0.1 - - [07/Apr/2026 23:52:19] "GET /testdata HTTP/1.1" 200 -]
[2026-04-07 23:52:20,042: INFO: _internal: 127.0.0.1 - - [07/Apr/2026 23:52:20] "GET /testdata HTTP/1.1" 200 -]
[2026-04-07 23:52:27,813: INFO: _internal: 127.0.0.1 - - [07/Apr/2026 23:52:27] "POST /predict HTTP/1.1" 200 -]
[2026-04-07 23:55:36,949: INFO: _internal:  * Detected change in 'C:\\Users\\nachi\\OneDrive\\Desktop\\RUL_Prediction_Project\\RUL\\src\\RUL_prediction\\components\\prepare_callbacks.py', reloading]
[2026-04-07 23:55:38,534: INFO: _internal:  * Restarting with stat]
[2026-04-07 23:55:55,709: WARNING: _internal:  * Debugger is active!]
[2026-04-07 23:55:55,720: INFO: _internal:  * Debugger PIN: 455-472-709]
[2026-04-07 23:55:58,400: INFO: _internal: 127.0.0.1 - - [07/Apr/2026 23:55:58] "GET /predictdata HTTP/1.1" 200 -]
[2026-04-07 23:55:58,883: INFO: _internal: 127.0.0.1 - - [07/Apr/2026 23:55:58] "[36mGET /profiles/leo%20mathew.jpeg HTTP/1.1[0m" 304 -]
[2026-04-07 23:55:58,916: INFO: _internal: 127.0.0.1 - - [07/Apr/2026 23:55:58] "[36mGET /profiles/nachikethus.jpeg HTTP/1.1[0m" 304 -]
[2026-04-07 23:55:58,936: INFO: _internal: 127.0.0.1 - - [07/Apr/2026 23:55:58] "[36mGET /profiles/milan.jpeg HTTP/1.1[0m" 304 -]
[2026-04-07 23:55:59,030: INFO: _internal: 127.0.0.1 - - [07/Apr/2026 23:55:59] "GET /testdata HTTP/1.1" 200 -]
[2026-04-08 00:50:28,354: INFO: _internal: [31m[1mWARNING: This is a development server. Do not use it in a production deployment. Use a production WSGI server instead.[0m
 * Running on all addresses (0.0.0.0)
 * Running on http://127.0.0.1:5000
 * Running on http://172.50.5.242:5000]
[2026-04-08 00:50:28,355: INFO: _internal: [33mPress CTRL+C to quit[0m]
[2026-04-08 00:50:28,360: INFO: _internal:  * Restarting with stat]
[2026-04-08 00:50:53,176: WARNING: _internal:  * Debugger is active!]
[2026-04-08 00:50:53,199: INFO: _internal:  * Debugger PIN: 455-472-709]
[2026-04-08 00:50:55,278: INFO: _internal: 127.0.0.1 - - [08/Apr/2026 00:50:55] "GET /predictdata HTTP/1.1" 200 -]
[2026-04-08 00:50:55,286: INFO: _internal: 127.0.0.1 - - [08/Apr/2026 00:50:55] "GET /predictdata HTTP/1.1" 200 -]
[2026-04-08 00:50:55,754: INFO: _internal: 127.0.0.1 - - [08/Apr/2026 00:50:55] "[36mGET /profiles/milan.jpeg HTTP/1.1[0m" 304 -]
[2026-04-08 00:50:55,765: INFO: _internal: 127.0.0.1 - - [08/Apr/2026 00:50:55] "[36mGET /profiles/nachikethus.jpeg HTTP/1.1[0m" 304 -]
[2026-04-08 00:50:55,776: INFO: _internal: 127.0.0.1 - - [08/Apr/2026 00:50:55] "[36mGET /profiles/leo%20mathew.jpeg HTTP/1.1[0m" 304 -]
[2026-04-08 00:50:55,827: INFO: _internal: 127.0.0.1 - - [08/Apr/2026 00:50:55] "[36mGET /profiles/milan.jpeg HTTP/1.1[0m" 304 -]
[2026-04-08 00:50:55,841: INFO: _internal: 127.0.0.1 - - [08/Apr/2026 00:50:55] "[36mGET /profiles/nachikethus.jpeg HTTP/1.1[0m" 304 -]
[2026-04-08 00:50:55,857: INFO: _internal: 127.0.0.1 - - [08/Apr/2026 00:50:55] "[36mGET /profiles/leo%20mathew.jpeg HTTP/1.1[0m" 304 -]
[2026-04-08 00:50:55,903: INFO: _internal: 127.0.0.1 - - [08/Apr/2026 00:50:55] "[33mGET /favicon.ico HTTP/1.1[0m" 404 -]
[2026-04-08 00:50:55,951: INFO: _internal: 127.0.0.1 - - [08/Apr/2026 00:50:55] "[33mGET /favicon.ico HTTP/1.1[0m" 404 -]
[2026-04-08 00:50:56,138: INFO: _internal: 127.0.0.1 - - [08/Apr/2026 00:50:56] "GET /testdata HTTP/1.1" 200 -]
[2026-04-08 00:50:56,757: INFO: _internal: 127.0.0.1 - - [08/Apr/2026 00:50:56] "GET /testdata HTTP/1.1" 200 -]
[2026-04-08 00:51:10,039: INFO: _internal: 127.0.0.1 - - [08/Apr/2026 00:51:10] "POST /predict HTTP/1.1" 200 -]
[2026-04-08 01:02:58,037: INFO: _internal: [31m[1mWARNING: This is a development server. Do not use it in a production deployment. Use a production WSGI server instead.[0m
 * Running on all addresses (0.0.0.0)
 * Running on http://127.0.0.1:5000
 * Running on http://172.50.5.242:5000]
[2026-04-08 01:02:58,038: INFO: _internal: [33mPress CTRL+C to quit[0m]
[2026-04-08 01:02:58,045: INFO: _internal:  * Restarting with stat]
[2026-04-08 01:03:12,751: WARNING: _internal:  * Debugger is active!]
[2026-04-08 01:03:12,766: INFO: _internal:  * Debugger PIN: 455-472-709]
[2026-04-08 01:03:14,755: INFO: _internal: 127.0.0.1 - - [08/Apr/2026 01:03:14] "GET /predictdata HTTP/1.1" 200 -]
[2026-04-08 01:03:14,788: INFO: _internal: 127.0.0.1 - - [08/Apr/2026 01:03:14] "GET /predictdata HTTP/1.1" 200 -]
[2026-04-08 01:03:15,178: INFO: _internal: 127.0.0.1 - - [08/Apr/2026 01:03:15] "[36mGET /profiles/nachikethus.jpeg HTTP/1.1[0m" 304 -]
[2026-04-08 01:03:15,187: INFO: _internal: 127.0.0.1 - - [08/Apr/2026 01:03:15] "[36mGET /profiles/milan.jpeg HTTP/1.1[0m" 304 -]
[2026-04-08 01:03:15,207: INFO: _internal: 127.0.0.1 - - [08/Apr/2026 01:03:15] "[36mGET /profiles/nachikethus.jpeg HTTP/1.1[0m" 304 -]
[2026-04-08 01:03:15,208: INFO: _internal: 127.0.0.1 - - [08/Apr/2026 01:03:15] "[36mGET /profiles/leo%20mathew.jpeg HTTP/1.1[0m" 304 -]
[2026-04-08 01:03:15,212: INFO: _internal: 127.0.0.1 - - [08/Apr/2026 01:03:15] "[36mGET /profiles/milan.jpeg HTTP/1.1[0m" 304 -]
[2026-04-08 01:03:15,284: INFO: _internal: 127.0.0.1 - - [08/Apr/2026 01:03:15] "[36mGET /profiles/leo%20mathew.jpeg HTTP/1.1[0m" 304 -]
[2026-04-08 01:03:15,567: INFO: _internal: 127.0.0.1 - - [08/Apr/2026 01:03:15] "GET /testdata HTTP/1.1" 200 -]
[2026-04-08 01:03:16,127: INFO: _internal: 127.0.0.1 - - [08/Apr/2026 01:03:16] "GET /testdata HTTP/1.1" 200 -]
[2026-04-08 01:19:45,543: INFO: _internal: 127.0.0.1 - - [08/Apr/2026 01:19:45] "POST /predict HTTP/1.1" 200 -]
